[1109/013553.394:ERROR:process_info.cc(359)] UncheckedAllocate
[1109/013624.948:ERROR:process_info.cc(359)] UncheckedAllocate
[1109/013625.047:ERROR:process_memory_win.cc(73)] ReadMemory at 0x7ff613560000 of 64 bytes failed: Only part of a ReadProcessMemory or WriteProcessMemory request was completed. (0x12B)
[1109/013625.048:WARNING:pe_image_reader.cc(340)] could not read dos header from C:\Program Files (x86)\Google\Chrome\Application\chrome.exe
[1109/013625.048:ERROR:process_memory_win.cc(73)] ReadMemory at 0x7fff58e00000 of 64 bytes failed: Only part of a ReadProcessMemory or WriteProcessMemory request was completed. (0x12B)
[1109/013625.048:WARNING:pe_image_reader.cc(340)] could not read dos header from C:\WINDOWS\SYSTEM32\ntdll.dll
[1109/013625.050:ERROR:process_memory_win.cc(73)] ReadMemory at 0x7fff572a0000 of 64 bytes failed: Only part of a ReadProcessMemory or WriteProcessMemory request was completed. (0x12B)
[1109/013625.050:WARNING:pe_image_reader.cc(340)] could not read dos header from C:\WINDOWS\System32\KERNEL32.DLL
[1109/013625.050:ERROR:process_memory_win.cc(73)] ReadMemory at 0x7fff56bd0000 of 64 bytes failed: Only part of a ReadProcessMemory or WriteProcessMemory request was completed. (0x12B)
[1109/013625.050:WARNING:pe_image_reader.cc(340)] could not read dos header from C:\WINDOWS\System32\KERNELBASE.dll
[1109/013625.050:ERROR:process_memory_win.cc(73)] ReadMemory at 0x7fff229a0000 of 64 bytes failed: Only part of a ReadProcessMemory or WriteProcessMemory request was completed. (0x12B)
[1109/013625.050:WARNING:pe_image_reader.cc(340)] could not read dos header from C:\Program Files (x86)\Google\Chrome\Application\78.0.3904.87\chrome_elf.dll
[1109/013625.050:ERROR:process_memory_win.cc(73)] ReadMemory at 0x7fff50800000 of 64 bytes failed: Only part of a ReadProcessMemory or WriteProcessMemory request was completed. (0x12B)
[1109/013625.050:WARNING:pe_image_reader.cc(340)] could not read dos header from C:\WINDOWS\SYSTEM32\VERSION.dll
[1109/013625.050:ERROR:process_memory_win.cc(73)] ReadMemory at 0x7fff57cb0000 of 64 bytes failed: Only part of a ReadProcessMemory or WriteProcessMemory request was completed. (0x12B)
[1109/013625.050:WARNING:pe_image_reader.cc(340)] could not read dos header from C:\WINDOWS\System32\msvcrt.dll
[1109/013625.050:ERROR:process_memory_win.cc(73)] ReadMemory at 0x7fff56930000 of 64 bytes failed: Only part of a ReadProcessMemory or WriteProcessMemory request was completed. (0x12B)
[1109/013625.050:WARNING:pe_image_reader.cc(340)] could not read dos header from C:\WINDOWS\System32\bcryptPrimitives.dll
[1109/013625.050:ERROR:process_memory_win.cc(73)] ReadMemory at 0x7fff578b0000 of 64 bytes failed: Only part of a ReadProcessMemory or WriteProcessMemory request was completed. (0x12B)
[1109/013625.050:WARNING:pe_image_reader.cc(340)] could not read dos header from C:\WINDOWS\System32\ADVAPI32.dll
[1109/013625.050:ERROR:process_memory_win.cc(73)] ReadMemory at 0x7fff571f0000 of 64 bytes failed: Only part of a ReadProcessMemory or WriteProcessMemory request was completed. (0x12B)
[1109/013625.050:WARNING:pe_image_reader.cc(340)] could not read dos header from C:\WINDOWS\System32\sechost.dll
[1109/013625.050:ERROR:process_memory_win.cc(73)] ReadMemory at 0x7fff589a0000 of 64 bytes failed: Only part of a ReadProcessMemory or WriteProcessMemory request was completed. (0x12B)
[1109/013625.050:WARNING:pe_image_reader.cc(340)] could not read dos header from C:\WINDOWS\System32\RPCRT4.dll
[1109/013625.050:ERROR:process_memory_win.cc(73)] ReadMemory at 0x7ffedfcf0000 of 64 bytes failed: Only part of a ReadProcessMemory or WriteProcessMemory request was completed. (0x12B)
[1109/013625.050:WARNING:pe_image_reader.cc(340)] could not read dos header from C:\Program Files (x86)\Google\Chrome\Application\78.0.3904.87\chrome_child.dll
[1109/013625.050:ERROR:process_memory_win.cc(73)] ReadMemory at 0x7fff570c0000 of 64 bytes failed: Only part of a ReadProcessMemory or WriteProcessMemory request was completed. (0x12B)
[1109/013625.050:WARNING:pe_image_reader.cc(340)] could not read dos header from C:\WINDOWS\System32\OLEAUT32.dll
[1109/013625.050:ERROR:process_memory_win.cc(73)] ReadMemory at 0x7fff569b0000 of 64 bytes failed: Only part of a ReadProcessMemory or WriteProcessMemory request was completed. (0x12B)
[1109/013625.050:WARNING:pe_image_reader.cc(340)] could not read dos header from C:\WINDOWS\System32\msvcp_win.dll
[1109/013625.050:ERROR:process_memory_win.cc(73)] ReadMemory at 0x7fff56670000 of 64 bytes failed: Only part of a ReadProcessMemory or WriteProcessMemory request was completed. (0x12B)
[1109/013625.050:WARNING:pe_image_reader.cc(340)] could not read dos header from C:\WINDOWS\System32\ucrtbase.dll
[1109/013625.050:ERROR:process_memory_win.cc(73)] ReadMemory at 0x7fff57960000 of 64 bytes failed: Only part of a ReadProcessMemory or WriteProcessMemory request was completed. (0x12B)
[1109/013625.050:WARNING:pe_image_reader.cc(340)] could not read dos header from C:\WINDOWS\System32\combase.dll
[1109/013625.050:ERROR:process_memory_win.cc(73)] ReadMemory at 0x7fff58040000 of 64 bytes failed: Only part of a ReadProcessMemory or WriteProcessMemory request was completed. (0x12B)
[1109/013625.050:WARNING:pe_image_reader.cc(340)] could not read dos header from C:\WINDOWS\System32\WS2_32.dll
[1109/013625.050:ERROR:process_memory_win.cc(73)] ReadMemory at 0x7fff56510000 of 64 bytes failed: Only part of a ReadProcessMemory or WriteProcessMemory request was completed. (0x12B)
[1109/013625.050:WARNING:pe_image_reader.cc(340)] could not read dos header from C:\WINDOWS\System32\WINTRUST.dll
[1109/013625.050:ERROR:process_memory_win.cc(73)] ReadMemory at 0x7fff55d70000 of 64 bytes failed: Only part of a ReadProcessMemory or WriteProcessMemory request was completed. (0x12B)
[1109/013625.050:WARNING:pe_image_reader.cc(340)] could not read dos header from C:\WINDOWS\System32\MSASN1.dll
[1109/013625.050:ERROR:process_memory_win.cc(73)] ReadMemory at 0x7fff56a50000 of 64 bytes failed: Only part of a ReadProcessMemory or WriteProcessMemory request was completed. (0x12B)
[1109/013625.050:WARNING:pe_image_reader.cc(340)] could not read dos header from C:\WINDOWS\System32\CRYPT32.dll
[1109/013625.050:ERROR:process_memory_win.cc(73)] ReadMemory at 0x7fff55250000 of 64 bytes failed: Only part of a ReadProcessMemory or WriteProcessMemory request was completed. (0x12B)
[1109/013625.050:WARNING:pe_image_reader.cc(340)] could not read dos header from C:\WINDOWS\SYSTEM32\IPHLPAPI.DLL
[1109/013625.050:ERROR:process_memory_win.cc(73)] ReadMemory at 0x7fff4d280000 of 64 bytes failed: Only part of a ReadProcessMemory or WriteProcessMemory request was completed. (0x12B)
[1109/013625.050:WARNING:pe_image_reader.cc(340)] could not read dos header from C:\WINDOWS\SYSTEM32\WINMM.dll
[1109/013625.050:ERROR:process_memory_win.cc(73)] ReadMemory at 0x7fff55bf0000 of 64 bytes failed: Only part of a ReadProcessMemory or WriteProcessMemory request was completed. (0x12B)
[1109/013625.050:WARNING:pe_image_reader.cc(340)] could not read dos header from C:\WINDOWS\SYSTEM32\USERENV.dll
[1109/013625.050:ERROR:process_memory_win.cc(73)] ReadMemory at 0x7fff55d50000 of 64 bytes failed: Only part of a ReadProcessMemory or WriteProcessMemory request was completed. (0x12B)
[1109/013625.051:WARNING:pe_image_reader.cc(340)] could not read dos header from C:\WINDOWS\System32\profapi.dll
[1109/013625.051:ERROR:process_memory_win.cc(73)] ReadMemory at 0x7fff368f0000 of 64 bytes failed: Only part of a ReadProcessMemory or WriteProcessMemory request was completed. (0x12B)
[1109/013625.051:WARNING:pe_image_reader.cc(340)] could not read dos header from C:\WINDOWS\SYSTEM32\DWrite.dll
[1109/013625.051:ERROR:process_memory_win.cc(73)] ReadMemory at 0x7fff40210000 of 64 bytes failed: Only part of a ReadProcessMemory or WriteProcessMemory request was completed. (0x12B)
[1109/013625.051:WARNING:pe_image_reader.cc(340)] could not read dos header from C:\WINDOWS\SYSTEM32\WINSPOOL.DRV
[1109/013625.051:ERROR:process_memory_win.cc(73)] ReadMemory at 0x7fff55d30000 of 64 bytes failed: Only part of a ReadProcessMemory or WriteProcessMemory request was completed. (0x12B)
[1109/013625.051:WARNING:pe_image_reader.cc(340)] could not read dos header from C:\WINDOWS\System32\kernel.appcore.dll
[1109/013625.051:ERROR:process_memory_win.cc(73)] ReadMemory at 0x7fff56ba0000 of 64 bytes failed: Only part of a ReadProcessMemory or WriteProcessMemory request was completed. (0x12B)
[1109/013625.051:WARNING:pe_image_reader.cc(340)] could not read dos header from C:\WINDOWS\System32\bcrypt.dll
[1109/013625.051:ERROR:process_memory_win.cc(73)] ReadMemory at 0x7fff54610000 of 64 bytes failed: Only part of a ReadProcessMemory or WriteProcessMemory request was completed. (0x12B)
[1109/013625.051:WARNING:pe_image_reader.cc(340)] could not read dos header from C:\WINDOWS\SYSTEM32\dbghelp.dll
[1109/013625.051:ERROR:process_memory_win.cc(73)] ReadMemory at 0x7fff47000000 of 64 bytes failed: Only part of a ReadProcessMemory or WriteProcessMemory request was completed. (0x12B)
[1109/013625.051:WARNING:pe_image_reader.cc(340)] could not read dos header from C:\WINDOWS\SYSTEM32\Secur32.dll
[1109/013625.051:ERROR:process_memory_win.cc(73)] ReadMemory at 0x7fff50f60000 of 64 bytes failed: Only part of a ReadProcessMemory or WriteProcessMemory request was completed. (0x12B)
[1109/013625.051:WARNING:pe_image_reader.cc(340)] could not read dos header from C:\WINDOWS\SYSTEM32\WINHTTP.dll
[1109/013625.051:ERROR:process_memory_win.cc(73)] ReadMemory at 0x7fff50370000 of 64 bytes failed: Only part of a ReadProcessMemory or WriteProcessMemory request was completed. (0x12B)
[1109/013625.051:WARNING:pe_image_reader.cc(340)] could not read dos header from C:\WINDOWS\SYSTEM32\dhcpcsvc.DLL
[1109/013625.051:ERROR:process_memory_win.cc(73)] ReadMemory at 0x7fff57290000 of 64 bytes failed: Only part of a ReadProcessMemory or WriteProcessMemory request was completed. (0x12B)
[1109/013625.051:WARNING:pe_image_reader.cc(340)] could not read dos header from C:\WINDOWS\System32\NSI.dll
[1109/013625.051:ERROR:process_memory_win.cc(73)] ReadMemory at 0x7fff4c590000 of 64 bytes failed: Only part of a ReadProcessMemory or WriteProcessMemory request was completed. (0x12B)
[1109/013625.051:WARNING:pe_image_reader.cc(340)] could not read dos header from C:\WINDOWS\SYSTEM32\WINMMBASE.dll
[1109/013625.051:ERROR:process_memory_win.cc(73)] ReadMemory at 0x7fff56570000 of 64 bytes failed: Only part of a ReadProcessMemory or WriteProcessMemory request was completed. (0x12B)
[1109/013625.051:WARNING:pe_image_reader.cc(340)] could not read dos header from C:\WINDOWS\System32\cfgmgr32.dll
[1109/013625.051:ERROR:process_memory_win.cc(73)] ReadMemory at 0x7fff54070000 of 64 bytes failed: Only part of a ReadProcessMemory or WriteProcessMemory request was completed. (0x12B)
[1109/013625.051:WARNING:pe_image_reader.cc(340)] could not read dos header from C:\WINDOWS\SYSTEM32\PROPSYS.dll
[1109/013625.051:ERROR:process_memory_win.cc(73)] ReadMemory at 0x7fff587a0000 of 64 bytes failed: Only part of a ReadProcessMemory or WriteProcessMemory request was completed. (0x12B)
[1109/013625.051:WARNING:pe_image_reader.cc(340)] could not read dos header from C:\WINDOWS\System32\shcore.dll
[1109/013625.051:ERROR:process_memory_win.cc(73)] ReadMemory at 0x7fff55bc0000 of 64 bytes failed: Only part of a ReadProcessMemory or WriteProcessMemory request was completed. (0x12B)
[1109/013625.051:WARNING:pe_image_reader.cc(340)] could not read dos header from C:\WINDOWS\SYSTEM32\SSPICLI.DLL
[1109/013625.051:ERROR:process_memory_win.cc(73)] ReadMemory at 0x7fff55710000 of 64 bytes failed: Only part of a ReadProcessMemory or WriteProcessMemory request was completed. (0x12B)
[1109/013625.051:WARNING:pe_image_reader.cc(340)] could not read dos header from C:\WINDOWS\SYSTEM32\CRYPTBASE.DLL
[1109/013625.051:ERROR:process_memory_win.cc(73)] ReadMemory at 0x7ff613560000 of 64 bytes failed: Only part of a ReadProcessMemory or WriteProcessMemory request was completed. (0x12B)
[1109/013625.051:WARNING:pe_image_reader.cc(340)] could not read dos header from C:\Program Files (x86)\Google\Chrome\Application\chrome.exe
[1109/013625.051:ERROR:process_memory_win.cc(73)] ReadMemory at 0x7fff58e00000 of 64 bytes failed: Only part of a ReadProcessMemory or WriteProcessMemory request was completed. (0x12B)
[1109/013625.051:WARNING:pe_image_reader.cc(340)] could not read dos header from C:\WINDOWS\SYSTEM32\ntdll.dll
[1109/013625.051:ERROR:process_memory_win.cc(73)] ReadMemory at 0x7fff572a0000 of 64 bytes failed: Only part of a ReadProcessMemory or WriteProcessMemory request was completed. (0x12B)
[1109/013625.051:WARNING:pe_image_reader.cc(340)] could not read dos header from C:\WINDOWS\System32\KERNEL32.DLL
[1109/013625.051:ERROR:process_memory_win.cc(73)] ReadMemory at 0x7fff56bd0000 of 64 bytes failed: Only part of a ReadProcessMemory or WriteProcessMemory request was completed. (0x12B)
[1109/013625.051:WARNING:pe_image_reader.cc(340)] could not read dos header from C:\WINDOWS\System32\KERNELBASE.dll
[1109/013625.051:ERROR:process_memory_win.cc(73)] ReadMemory at 0x7fff229a0000 of 64 bytes failed: Only part of a ReadProcessMemory or WriteProcessMemory request was completed. (0x12B)
[1109/013625.051:WARNING:pe_image_reader.cc(340)] could not read dos header from C:\Program Files (x86)\Google\Chrome\Application\78.0.3904.87\chrome_elf.dll
[1109/013625.051:ERROR:process_memory_win.cc(73)] ReadMemory at 0x7fff50800000 of 64 bytes failed: Only part of a ReadProcessMemory or WriteProcessMemory request was completed. (0x12B)
[1109/013625.051:WARNING:pe_image_reader.cc(340)] could not read dos header from C:\WINDOWS\SYSTEM32\VERSION.dll
[1109/013625.051:ERROR:process_memory_win.cc(73)] ReadMemory at 0x7fff57cb0000 of 64 bytes failed: Only part of a ReadProcessMemory or WriteProcessMemory request was completed. (0x12B)
[1109/013625.051:WARNING:pe_image_reader.cc(340)] could not read dos header from C:\WINDOWS\System32\msvcrt.dll
[1109/013625.051:ERROR:process_memory_win.cc(73)] ReadMemory at 0x7fff56930000 of 64 bytes failed: Only part of a ReadProcessMemory or WriteProcessMemory request was completed. (0x12B)
[1109/013625.051:WARNING:pe_image_reader.cc(340)] could not read dos header from C:\WINDOWS\System32\bcryptPrimitives.dll
[1109/013625.051:ERROR:process_memory_win.cc(73)] ReadMemory at 0x7fff578b0000 of 64 bytes failed: Only part of a ReadProcessMemory or WriteProcessMemory request was completed. (0x12B)
[1109/013625.051:WARNING:pe_image_reader.cc(340)] could not read dos header from C:\WINDOWS\System32\ADVAPI32.dll
[1109/013625.051:ERROR:process_memory_win.cc(73)] ReadMemory at 0x7fff571f0000 of 64 bytes failed: Only part of a ReadProcessMemory or WriteProcessMemory request was completed. (0x12B)
[1109/013625.051:WARNING:pe_image_reader.cc(340)] could not read dos header from C:\WINDOWS\System32\sechost.dll
[1109/013625.051:ERROR:process_memory_win.cc(73)] ReadMemory at 0x7fff589a0000 of 64 bytes failed: Only part of a ReadProcessMemory or WriteProcessMemory request was completed. (0x12B)
[1109/013625.051:WARNING:pe_image_reader.cc(340)] could not read dos header from C:\WINDOWS\System32\RPCRT4.dll
[1109/013625.051:ERROR:process_memory_win.cc(73)] ReadMemory at 0x7ffedfcf0000 of 64 bytes failed: Only part of a ReadProcessMemory or WriteProcessMemory request was completed. (0x12B)
[1109/013625.051:WARNING:pe_image_reader.cc(340)] could not read dos header from C:\Program Files (x86)\Google\Chrome\Application\78.0.3904.87\chrome_child.dll
[1109/013625.052:ERROR:process_memory_win.cc(73)] ReadMemory at 0x7fff570c0000 of 64 bytes failed: Only part of a ReadProcessMemory or WriteProcessMemory request was completed. (0x12B)
[1109/013625.052:WARNING:pe_image_reader.cc(340)] could not read dos header from C:\WINDOWS\System32\OLEAUT32.dll
[1109/013625.052:ERROR:process_memory_win.cc(73)] ReadMemory at 0x7fff569b0000 of 64 bytes failed: Only part of a ReadProcessMemory or WriteProcessMemory request was completed. (0x12B)
[1109/013625.052:WARNING:pe_image_reader.cc(340)] could not read dos header from C:\WINDOWS\System32\msvcp_win.dll
[1109/013625.052:ERROR:process_memory_win.cc(73)] ReadMemory at 0x7fff56670000 of 64 bytes failed: Only part of a ReadProcessMemory or WriteProcessMemory request was completed. (0x12B)
[1109/013625.052:WARNING:pe_image_reader.cc(340)] could not read dos header from C:\WINDOWS\System32\ucrtbase.dll
[1109/013625.052:ERROR:process_memory_win.cc(73)] ReadMemory at 0x7fff57960000 of 64 bytes failed: Only part of a ReadProcessMemory or WriteProcessMemory request was completed. (0x12B)
[1109/013625.052:WARNING:pe_image_reader.cc(340)] could not read dos header from C:\WINDOWS\System32\combase.dll
[1109/013625.052:ERROR:process_memory_win.cc(73)] ReadMemory at 0x7fff58040000 of 64 bytes failed: Only part of a ReadProcessMemory or WriteProcessMemory request was completed. (0x12B)
[1109/013625.052:WARNING:pe_image_reader.cc(340)] could not read dos header from C:\WINDOWS\System32\WS2_32.dll
[1109/013625.052:ERROR:process_memory_win.cc(73)] ReadMemory at 0x7fff56510000 of 64 bytes failed: Only part of a ReadProcessMemory or WriteProcessMemory request was completed. (0x12B)
[1109/013625.052:WARNING:pe_image_reader.cc(340)] could not read dos header from C:\WINDOWS\System32\WINTRUST.dll
[1109/013625.052:ERROR:process_memory_win.cc(73)] ReadMemory at 0x7fff55d70000 of 64 bytes failed: Only part of a ReadProcessMemory or WriteProcessMemory request was completed. (0x12B)
[1109/013625.052:WARNING:pe_image_reader.cc(340)] could not read dos header from C:\WINDOWS\System32\MSASN1.dll
[1109/013625.052:ERROR:process_memory_win.cc(73)] ReadMemory at 0x7fff56a50000 of 64 bytes failed: Only part of a ReadProcessMemory or WriteProcessMemory request was completed. (0x12B)
[1109/013625.052:WARNING:pe_image_reader.cc(340)] could not read dos header from C:\WINDOWS\System32\CRYPT32.dll
[1109/013625.052:ERROR:process_memory_win.cc(73)] ReadMemory at 0x7fff55250000 of 64 bytes failed: Only part of a ReadProcessMemory or WriteProcessMemory request was completed. (0x12B)
[1109/013625.052:WARNING:pe_image_reader.cc(340)] could not read dos header from C:\WINDOWS\SYSTEM32\IPHLPAPI.DLL
[1109/013625.052:ERROR:process_memory_win.cc(73)] ReadMemory at 0x7fff4d280000 of 64 bytes failed: Only part of a ReadProcessMemory or WriteProcessMemory request was completed. (0x12B)
[1109/013625.052:WARNING:pe_image_reader.cc(340)] could not read dos header from C:\WINDOWS\SYSTEM32\WINMM.dll
[1109/013625.052:ERROR:process_memory_win.cc(73)] ReadMemory at 0x7fff55bf0000 of 64 bytes failed: Only part of a ReadProcessMemory or WriteProcessMemory request was completed. (0x12B)
[1109/013625.052:WARNING:pe_image_reader.cc(340)] could not read dos header from C:\WINDOWS\SYSTEM32\USERENV.dll
[1109/013625.052:ERROR:process_memory_win.cc(73)] ReadMemory at 0x7fff55d50000 of 64 bytes failed: Only part of a ReadProcessMemory or WriteProcessMemory request was completed. (0x12B)
[1109/013625.052:WARNING:pe_image_reader.cc(340)] could not read dos header from C:\WINDOWS\System32\profapi.dll
[1109/013625.052:ERROR:process_memory_win.cc(73)] ReadMemory at 0x7fff368f0000 of 64 bytes failed: Only part of a ReadProcessMemory or WriteProcessMemory request was completed. (0x12B)
[1109/013625.052:WARNING:pe_image_reader.cc(340)] could not read dos header from C:\WINDOWS\SYSTEM32\DWrite.dll
[1109/013625.053:ERROR:process_memory_win.cc(73)] ReadMemory at 0x7fff40210000 of 64 bytes failed: Only part of a ReadProcessMemory or WriteProcessMemory request was completed. (0x12B)
[1109/013625.053:WARNING:pe_image_reader.cc(340)] could not read dos header from C:\WINDOWS\SYSTEM32\WINSPOOL.DRV
[1109/013625.053:ERROR:process_memory_win.cc(73)] ReadMemory at 0x7fff55d30000 of 64 bytes failed: Only part of a ReadProcessMemory or WriteProcessMemory request was completed. (0x12B)
[1109/013625.053:WARNING:pe_image_reader.cc(340)] could not read dos header from C:\WINDOWS\System32\kernel.appcore.dll
[1109/013625.053:ERROR:process_memory_win.cc(73)] ReadMemory at 0x7fff56ba0000 of 64 bytes failed: Only part of a ReadProcessMemory or WriteProcessMemory request was completed. (0x12B)
[1109/013625.053:WARNING:pe_image_reader.cc(340)] could not read dos header from C:\WINDOWS\System32\bcrypt.dll
[1109/013625.053:ERROR:process_memory_win.cc(73)] ReadMemory at 0x7fff54610000 of 64 bytes failed: Only part of a ReadProcessMemory or WriteProcessMemory request was completed. (0x12B)
[1109/013625.053:WARNING:pe_image_reader.cc(340)] could not read dos header from C:\WINDOWS\SYSTEM32\dbghelp.dll
[1109/013625.053:ERROR:process_memory_win.cc(73)] ReadMemory at 0x7fff47000000 of 64 bytes failed: Only part of a ReadProcessMemory or WriteProcessMemory request was completed. (0x12B)
[1109/013625.053:WARNING:pe_image_reader.cc(340)] could not read dos header from C:\WINDOWS\SYSTEM32\Secur32.dll
[1109/013625.053:ERROR:process_memory_win.cc(73)] ReadMemory at 0x7fff50f60000 of 64 bytes failed: Only part of a ReadProcessMemory or WriteProcessMemory request was completed. (0x12B)
[1109/013625.053:WARNING:pe_image_reader.cc(340)] could not read dos header from C:\WINDOWS\SYSTEM32\WINHTTP.dll
[1109/013625.053:ERROR:process_memory_win.cc(73)] ReadMemory at 0x7fff50370000 of 64 bytes failed: Only part of a ReadProcessMemory or WriteProcessMemory request was completed. (0x12B)
[1109/013625.053:WARNING:pe_image_reader.cc(340)] could not read dos header from C:\WINDOWS\SYSTEM32\dhcpcsvc.DLL
[1109/013625.053:ERROR:process_memory_win.cc(73)] ReadMemory at 0x7fff57290000 of 64 bytes failed: Only part of a ReadProcessMemory or WriteProcessMemory request was completed. (0x12B)
[1109/013625.053:WARNING:pe_image_reader.cc(340)] could not read dos header from C:\WINDOWS\System32\NSI.dll
[1109/013625.053:ERROR:process_memory_win.cc(73)] ReadMemory at 0x7fff4c590000 of 64 bytes failed: Only part of a ReadProcessMemory or WriteProcessMemory request was completed. (0x12B)
[1109/013625.053:WARNING:pe_image_reader.cc(340)] could not read dos header from C:\WINDOWS\SYSTEM32\WINMMBASE.dll
[1109/013625.053:ERROR:process_memory_win.cc(73)] ReadMemory at 0x7fff56570000 of 64 bytes failed: Only part of a ReadProcessMemory or WriteProcessMemory request was completed. (0x12B)
[1109/013625.053:WARNING:pe_image_reader.cc(340)] could not read dos header from C:\WINDOWS\System32\cfgmgr32.dll
[1109/013625.053:ERROR:process_memory_win.cc(73)] ReadMemory at 0x7fff54070000 of 64 bytes failed: Only part of a ReadProcessMemory or WriteProcessMemory request was completed. (0x12B)
[1109/013625.053:WARNING:pe_image_reader.cc(340)] could not read dos header from C:\WINDOWS\SYSTEM32\PROPSYS.dll
[1109/013625.053:ERROR:process_memory_win.cc(73)] ReadMemory at 0x7fff587a0000 of 64 bytes failed: Only part of a ReadProcessMemory or WriteProcessMemory request was completed. (0x12B)
[1109/013625.053:WARNING:pe_image_reader.cc(340)] could not read dos header from C:\WINDOWS\System32\shcore.dll
[1109/013625.054:ERROR:process_memory_win.cc(73)] ReadMemory at 0x7fff55bc0000 of 64 bytes failed: Only part of a ReadProcessMemory or WriteProcessMemory request was completed. (0x12B)
[1109/013625.054:WARNING:pe_image_reader.cc(340)] could not read dos header from C:\WINDOWS\SYSTEM32\SSPICLI.DLL
[1109/013625.054:ERROR:process_memory_win.cc(73)] ReadMemory at 0x7fff55710000 of 64 bytes failed: Only part of a ReadProcessMemory or WriteProcessMemory request was completed. (0x12B)
[1109/013625.054:WARNING:pe_image_reader.cc(340)] could not read dos header from C:\WINDOWS\SYSTEM32\CRYPTBASE.DLL
[1109/013625.057:ERROR:process_memory_win.cc(73)] ReadMemory at 0x2b9abf6000 of 40960 bytes failed: Only part of a ReadProcessMemory or WriteProcessMemory request was completed. (0x12B)
[1109/013625.057:ERROR:process_memory_win.cc(73)] ReadMemory at 0x2b9b3fd000 of 12288 bytes failed: Only part of a ReadProcessMemory or WriteProcessMemory request was completed. (0x12B)
[1109/013625.057:ERROR:process_memory_win.cc(73)] ReadMemory at 0x2b9bbfd000 of 12288 bytes failed: Only part of a ReadProcessMemory or WriteProcessMemory request was completed. (0x12B)
[1109/013625.057:ERROR:process_memory_win.cc(73)] ReadMemory at 0x2b9c3fd000 of 12288 bytes failed: Only part of a ReadProcessMemory or WriteProcessMemory request was completed. (0x12B)
[1109/013625.058:ERROR:process_memory_win.cc(73)] ReadMemory at 0x2b9cbfc000 of 16384 bytes failed: Only part of a ReadProcessMemory or WriteProcessMemory request was completed. (0x12B)
[1109/013625.058:ERROR:process_memory_win.cc(73)] ReadMemory at 0x2b9d3fe000 of 8192 bytes failed: Only part of a ReadProcessMemory or WriteProcessMemory request was completed. (0x12B)
[1109/013625.058:ERROR:process_memory_win.cc(73)] ReadMemory at 0x2b9dbfd000 of 12288 bytes failed: Only part of a ReadProcessMemory or WriteProcessMemory request was completed. (0x12B)
[1109/013625.058:ERROR:process_memory_win.cc(73)] ReadMemory at 0x2b9a3b4000 of 852 bytes failed: Only part of a ReadProcessMemory or WriteProcessMemory request was completed. (0x12B)
[1109/013625.058:ERROR:process_memory_win.cc(73)] ReadMemory at 0x2b9a3b5000 of 6024 bytes failed: Only part of a ReadProcessMemory or WriteProcessMemory request was completed. (0x12B)
[1109/013625.058:ERROR:process_memory_win.cc(73)] ReadMemory at 0x2b9a3b7000 of 6024 bytes failed: Only part of a ReadProcessMemory or WriteProcessMemory request was completed. (0x12B)
[1109/013625.058:ERROR:process_memory_win.cc(73)] ReadMemory at 0x2b9a3b9000 of 6024 bytes failed: Only part of a ReadProcessMemory or WriteProcessMemory request was completed. (0x12B)
[1109/013625.058:ERROR:process_memory_win.cc(73)] ReadMemory at 0x2b9a3bb000 of 6024 bytes failed: Only part of a ReadProcessMemory or WriteProcessMemory request was completed. (0x12B)
[1109/013625.058:ERROR:process_memory_win.cc(73)] ReadMemory at 0x2b9a3bd000 of 6024 bytes failed: Only part of a ReadProcessMemory or WriteProcessMemory request was completed. (0x12B)
[1109/013625.058:ERROR:process_memory_win.cc(73)] ReadMemory at 0x2b9a3bf000 of 6024 bytes failed: Only part of a ReadProcessMemory or WriteProcessMemory request was completed. (0x12B)
[1109/013625.058:ERROR:process_memory_win.cc(73)] ReadMemory at 0x2b9a3c1000 of 6024 bytes failed: Only part of a ReadProcessMemory or WriteProcessMemory request was completed. (0x12B)
[1109/013625.058:ERROR:process_memory_win.cc(73)] ReadMemory at 0x21b5d820750 of 80 bytes failed: Only part of a ReadProcessMemory or WriteProcessMemory request was completed. (0x12B)
[1109/013625.058:ERROR:process_memory_win.cc(73)] ReadMemory at 0x21b5d820fe0 of 18598 bytes failed: Only part of a ReadProcessMemory or WriteProcessMemory request was completed. (0x12B)
[1109/013625.058:ERROR:process_memory_win.cc(73)] ReadMemory at 0x21b5d825890 of 1012 bytes failed: Only part of a ReadProcessMemory or WriteProcessMemory request was completed. (0x12B)
[1109/013625.058:ERROR:process_memory_win.cc(73)] ReadMemory at 0x21b5d825ed8 of 118 bytes failed: Only part of a ReadProcessMemory or WriteProcessMemory request was completed. (0x12B)
[1109/013625.058:ERROR:process_memory_win.cc(73)] ReadMemory at 0x21b5d825f50 of 860 bytes failed: Only part of a ReadProcessMemory or WriteProcessMemory request was completed. (0x12B)
[1109/013625.058:ERROR:process_memory_win.cc(73)] ReadMemory at 0x21b5d8262ae of 118 bytes failed: Only part of a ReadProcessMemory or WriteProcessMemory request was completed. (0x12B)
[1109/013625.058:ERROR:process_memory_win.cc(73)] ReadMemory at 0x21b5d826326 of 100 bytes failed: Only part of a ReadProcessMemory or WriteProcessMemory request was completed. (0x12B)
[1109/013625.058:ERROR:process_memory_win.cc(73)] ReadMemory at 0x21b5d8263a0 of 58 bytes failed: Only part of a ReadProcessMemory or WriteProcessMemory request was completed. (0x12B)
[1109/013625.058:ERROR:process_memory_win.cc(73)] ReadMemory at 0x21b5d8264a0 of 132 bytes failed: Only part of a ReadProcessMemory or WriteProcessMemory request was completed. (0x12B)
[1109/013625.058:ERROR:process_memory_win.cc(73)] ReadMemory at 0x21b5d826630 of 132 bytes failed: Only part of a ReadProcessMemory or WriteProcessMemory request was completed. (0x12B)
[1109/013625.059:ERROR:process_memory_win.cc(73)] ReadMemory at 0x21b5d8267f0 of 124 bytes failed: Only part of a ReadProcessMemory or WriteProcessMemory request was completed. (0x12B)
[1109/013625.059:ERROR:process_memory_win.cc(73)] ReadMemory at 0x21b5d826bd0 of 132 bytes failed: Only part of a ReadProcessMemory or WriteProcessMemory request was completed. (0x12B)
[1109/013625.059:ERROR:process_memory_win.cc(73)] ReadMemory at 0x21b5d826d60 of 64 bytes failed: Only part of a ReadProcessMemory or WriteProcessMemory request was completed. (0x12B)
[1109/013625.059:ERROR:process_memory_win.cc(73)] ReadMemory at 0x21b5d826db0 of 132 bytes failed: Only part of a ReadProcessMemory or WriteProcessMemory request was completed. (0x12B)
[1109/013625.059:ERROR:process_memory_win.cc(73)] ReadMemory at 0x21b5d826f20 of 132 bytes failed: Only part of a ReadProcessMemory or WriteProcessMemory request was completed. (0x12B)
[1109/013625.059:ERROR:process_memory_win.cc(73)] ReadMemory at 0x21b5d8271c0 of 132 bytes failed: Only part of a ReadProcessMemory or WriteProcessMemory request was completed. (0x12B)
[1109/013625.059:ERROR:process_memory_win.cc(73)] ReadMemory at 0x21b5d827350 of 68 bytes failed: Only part of a ReadProcessMemory or WriteProcessMemory request was completed. (0x12B)
[1109/013625.059:ERROR:process_memory_win.cc(73)] ReadMemory at 0x21b5d828450 of 132 bytes failed: Only part of a ReadProcessMemory or WriteProcessMemory request was completed. (0x12B)
[1109/013625.059:ERROR:process_memory_win.cc(73)] ReadMemory at 0x21b5d8285e0 of 152 bytes failed: Only part of a ReadProcessMemory or WriteProcessMemory request was completed. (0x12B)
[1109/013625.059:ERROR:process_memory_win.cc(73)] ReadMemory at 0x21b5d829670 of 132 bytes failed: Only part of a ReadProcessMemory or WriteProcessMemory request was completed. (0x12B)
[1109/013625.059:ERROR:process_memory_win.cc(73)] ReadMemory at 0x21b5d829a20 of 132 bytes failed: Only part of a ReadProcessMemory or WriteProcessMemory request was completed. (0x12B)
[1109/013625.059:ERROR:process_memory_win.cc(73)] ReadMemory at 0x21b5d82a800 of 62 bytes failed: Only part of a ReadProcessMemory or WriteProcessMemory request was completed. (0x12B)
[1109/013625.059:ERROR:process_memory_win.cc(73)] ReadMemory at 0x21b5d82a880 of 156 bytes failed: Only part of a ReadProcessMemory or WriteProcessMemory request was completed. (0x12B)
[1109/013625.059:ERROR:process_memory_win.cc(73)] ReadMemory at 0x21b5d82a960 of 132 bytes failed: Only part of a ReadProcessMemory or WriteProcessMemory request was completed. (0x12B)
[1109/013625.059:ERROR:process_memory_win.cc(73)] ReadMemory at 0x21b5d82aaf0 of 60 bytes failed: Only part of a ReadProcessMemory or WriteProcessMemory request was completed. (0x12B)
[1109/013625.059:ERROR:process_memory_win.cc(73)] ReadMemory at 0x21b5d82ae70 of 132 bytes failed: Only part of a ReadProcessMemory or WriteProcessMemory request was completed. (0x12B)
[1109/013625.059:ERROR:process_memory_win.cc(73)] ReadMemory at 0x21b5d82b1d0 of 132 bytes failed: Only part of a ReadProcessMemory or WriteProcessMemory request was completed. (0x12B)
[1109/013625.059:ERROR:process_memory_win.cc(73)] ReadMemory at 0x21b5d82b300 of 132 bytes failed: Only part of a ReadProcessMemory or WriteProcessMemory request was completed. (0x12B)
[1109/013625.059:ERROR:process_memory_win.cc(73)] ReadMemory at 0x21b5d82b500 of 132 bytes failed: Only part of a ReadProcessMemory or WriteProcessMemory request was completed. (0x12B)
[1109/013625.059:ERROR:process_memory_win.cc(73)] ReadMemory at 0x21b5d82e630 of 64 bytes failed: Only part of a ReadProcessMemory or WriteProcessMemory request was completed. (0x12B)
[1109/013625.059:ERROR:process_memory_win.cc(73)] ReadMemory at 0x21b5d82e680 of 64 bytes failed: Only part of a ReadProcessMemory or WriteProcessMemory request was completed. (0x12B)
[1109/013625.059:ERROR:process_memory_win.cc(73)] ReadMemory at 0x21b5d82e6d0 of 60 bytes failed: Only part of a ReadProcessMemory or WriteProcessMemory request was completed. (0x12B)
[1109/013625.059:ERROR:process_memory_win.cc(73)] ReadMemory at 0x21b5d82e720 of 60 bytes failed: Only part of a ReadProcessMemory or WriteProcessMemory request was completed. (0x12B)
[1109/013625.059:ERROR:process_memory_win.cc(73)] ReadMemory at 0x21b5d82e770 of 62 bytes failed: Only part of a ReadProcessMemory or WriteProcessMemory request was completed. (0x12B)
[1109/013625.059:ERROR:process_memory_win.cc(73)] ReadMemory at 0x21b5d82e7c0 of 64 bytes failed: Only part of a ReadProcessMemory or WriteProcessMemory request was completed. (0x12B)
[1109/013625.059:ERROR:process_memory_win.cc(73)] ReadMemory at 0x21b5d82e950 of 64 bytes failed: Only part of a ReadProcessMemory or WriteProcessMemory request was completed. (0x12B)
[1109/013625.059:ERROR:process_memory_win.cc(73)] ReadMemory at 0x21b5d82ea40 of 66 bytes failed: Only part of a ReadProcessMemory or WriteProcessMemory request was completed. (0x12B)
[1109/013625.060:ERROR:process_memory_win.cc(73)] ReadMemory at 0x21b5d82eae0 of 62 bytes failed: Only part of a ReadProcessMemory or WriteProcessMemory request was completed. (0x12B)
[1109/013625.060:ERROR:process_memory_win.cc(73)] ReadMemory at 0x21b5d82f0c0 of 512 bytes failed: Only part of a ReadProcessMemory or WriteProcessMemory request was completed. (0x12B)
[1109/013625.060:ERROR:process_memory_win.cc(73)] ReadMemory at 0x21b5d8311e0 of 132 bytes failed: Only part of a ReadProcessMemory or WriteProcessMemory request was completed. (0x12B)
[1109/013625.060:ERROR:process_memory_win.cc(73)] ReadMemory at 0x21b5d833430 of 132 bytes failed: Only part of a ReadProcessMemory or WriteProcessMemory request was completed. (0x12B)
[1109/013625.060:ERROR:process_memory_win.cc(73)] ReadMemory at 0x21b5d833b50 of 66 bytes failed: Only part of a ReadProcessMemory or WriteProcessMemory request was completed. (0x12B)
[1109/013625.060:ERROR:process_memory_win.cc(73)] ReadMemory at 0x21b5d833ba0 of 60 bytes failed: Only part of a ReadProcessMemory or WriteProcessMemory request was completed. (0x12B)
[1109/013625.060:ERROR:process_memory_win.cc(73)] ReadMemory at 0x21b5d833c40 of 64 bytes failed: Only part of a ReadProcessMemory or WriteProcessMemory request was completed. (0x12B)
[1109/013625.060:ERROR:process_memory_win.cc(73)] ReadMemory at 0x21b5d833c90 of 62 bytes failed: Only part of a ReadProcessMemory or WriteProcessMemory request was completed. (0x12B)
[1109/013625.060:ERROR:process_memory_win.cc(73)] ReadMemory at 0x21b5d833e70 of 62 bytes failed: Only part of a ReadProcessMemory or WriteProcessMemory request was completed. (0x12B)
[1109/013625.060:ERROR:process_memory_win.cc(73)] ReadMemory at 0x21b5d833fb0 of 58 bytes failed: Only part of a ReadProcessMemory or WriteProcessMemory request was completed. (0x12B)
[1109/013625.060:ERROR:process_memory_win.cc(73)] ReadMemory at 0x21b5d834230 of 60 bytes failed: Only part of a ReadProcessMemory or WriteProcessMemory request was completed. (0x12B)
[1109/013625.060:ERROR:process_memory_win.cc(73)] ReadMemory at 0x21b5d834410 of 62 bytes failed: Only part of a ReadProcessMemory or WriteProcessMemory request was completed. (0x12B)
[1109/013625.060:ERROR:process_memory_win.cc(73)] ReadMemory at 0x21b5d834500 of 62 bytes failed: Only part of a ReadProcessMemory or WriteProcessMemory request was completed. (0x12B)
[1109/013625.060:ERROR:process_memory_win.cc(73)] ReadMemory at 0x21b5d8345a0 of 60 bytes failed: Only part of a ReadProcessMemory or WriteProcessMemory request was completed. (0x12B)
[1109/013625.060:ERROR:process_memory_win.cc(73)] ReadMemory at 0x21b5d8345f0 of 64 bytes failed: Only part of a ReadProcessMemory or WriteProcessMemory request was completed. (0x12B)
[1109/013625.060:ERROR:process_memory_win.cc(73)] ReadMemory at 0x21b5d834690 of 60 bytes failed: Only part of a ReadProcessMemory or WriteProcessMemory request was completed. (0x12B)
[1109/013625.060:ERROR:process_memory_win.cc(73)] ReadMemory at 0x21b5d834780 of 62 bytes failed: Only part of a ReadProcessMemory or WriteProcessMemory request was completed. (0x12B)
[1109/013625.060:ERROR:process_memory_win.cc(73)] ReadMemory at 0x21b5d834870 of 64 bytes failed: Only part of a ReadProcessMemory or WriteProcessMemory request was completed. (0x12B)
[1109/013625.060:ERROR:process_memory_win.cc(73)] ReadMemory at 0x21b5d834960 of 62 bytes failed: Only part of a ReadProcessMemory or WriteProcessMemory request was completed. (0x12B)
[1109/013625.060:ERROR:process_memory_win.cc(73)] ReadMemory at 0x21b5d834a00 of 62 bytes failed: Only part of a ReadProcessMemory or WriteProcessMemory request was completed. (0x12B)
[1109/013625.060:ERROR:process_memory_win.cc(73)] ReadMemory at 0x21b5d834a50 of 64 bytes failed: Only part of a ReadProcessMemory or WriteProcessMemory request was completed. (0x12B)
[1109/013625.060:ERROR:process_memory_win.cc(73)] ReadMemory at 0x21b5d834aa0 of 62 bytes failed: Only part of a ReadProcessMemory or WriteProcessMemory request was completed. (0x12B)
[1109/013625.060:ERROR:process_memory_win.cc(73)] ReadMemory at 0x21b5d835c70 of 54 bytes failed: Only part of a ReadProcessMemory or WriteProcessMemory request was completed. (0x12B)
[1109/013625.060:ERROR:process_memory_win.cc(73)] ReadMemory at 0x21b5d837ba0 of 76 bytes failed: Only part of a ReadProcessMemory or WriteProcessMemory request was completed. (0x12B)
[1109/013625.060:ERROR:process_memory_win.cc(73)] ReadMemory at 0x21b5d8395b0 of 132 bytes failed: Only part of a ReadProcessMemory or WriteProcessMemory request was completed. (0x12B)
[1109/013625.060:ERROR:process_memory_win.cc(73)] ReadMemory at 0x21b5d83bee0 of 132 bytes failed: Only part of a ReadProcessMemory or WriteProcessMemory request was completed. (0x12B)
[1109/013625.061:ERROR:process_memory_win.cc(73)] ReadMemory at 0x21b5d83c010 of 132 bytes failed: Only part of a ReadProcessMemory or WriteProcessMemory request was completed. (0x12B)
[1109/013625.061:ERROR:process_memory_win.cc(73)] ReadMemory at 0x21b5d83c140 of 132 bytes failed: Only part of a ReadProcessMemory or WriteProcessMemory request was completed. (0x12B)
[1109/013625.061:ERROR:process_memory_win.cc(73)] ReadMemory at 0x21b5d83c270 of 132 bytes failed: Only part of a ReadProcessMemory or WriteProcessMemory request was completed. (0x12B)
[1109/013625.061:ERROR:process_memory_win.cc(73)] ReadMemory at 0x21b5d83c3a0 of 132 bytes failed: Only part of a ReadProcessMemory or WriteProcessMemory request was completed. (0x12B)
[1109/013625.061:ERROR:process_memory_win.cc(73)] ReadMemory at 0x21b5d83c4d0 of 132 bytes failed: Only part of a ReadProcessMemory or WriteProcessMemory request was completed. (0x12B)
[1109/013625.061:ERROR:process_memory_win.cc(73)] ReadMemory at 0x21b5d83c600 of 132 bytes failed: Only part of a ReadProcessMemory or WriteProcessMemory request was completed. (0x12B)
[1109/013625.061:ERROR:process_memory_win.cc(73)] ReadMemory at 0x21b5d83c730 of 132 bytes failed: Only part of a ReadProcessMemory or WriteProcessMemory request was completed. (0x12B)
[1109/013625.061:ERROR:process_memory_win.cc(73)] ReadMemory at 0x21b5d83c990 of 132 bytes failed: Only part of a ReadProcessMemory or WriteProcessMemory request was completed. (0x12B)
[1109/013625.061:ERROR:process_memory_win.cc(73)] ReadMemory at 0x21b5d83cac0 of 132 bytes failed: Only part of a ReadProcessMemory or WriteProcessMemory request was completed. (0x12B)
[1109/013625.061:ERROR:process_memory_win.cc(73)] ReadMemory at 0x21b5d83cbf0 of 132 bytes failed: Only part of a ReadProcessMemory or WriteProcessMemory request was completed. (0x12B)
[1109/013625.061:ERROR:process_memory_win.cc(73)] ReadMemory at 0x21b5d83cd20 of 132 bytes failed: Only part of a ReadProcessMemory or WriteProcessMemory request was completed. (0x12B)
[1109/013625.061:ERROR:process_memory_win.cc(73)] ReadMemory at 0x21b5d83d230 of 132 bytes failed: Only part of a ReadProcessMemory or WriteProcessMemory request was completed. (0x12B)
[1109/013625.061:ERROR:process_memory_win.cc(73)] ReadMemory at 0x21b5d83d6f0 of 132 bytes failed: Only part of a ReadProcessMemory or WriteProcessMemory request was completed. (0x12B)
[1109/013625.061:ERROR:process_memory_win.cc(73)] ReadMemory at 0x21b5d83d820 of 132 bytes failed: Only part of a ReadProcessMemory or WriteProcessMemory request was completed. (0x12B)
[1109/013625.061:ERROR:process_memory_win.cc(73)] ReadMemory at 0x21b5d83e2d0 of 132 bytes failed: Only part of a ReadProcessMemory or WriteProcessMemory request was completed. (0x12B)
[1109/013625.061:ERROR:process_memory_win.cc(73)] ReadMemory at 0x21b5d83e530 of 132 bytes failed: Only part of a ReadProcessMemory or WriteProcessMemory request was completed. (0x12B)
[1109/013625.061:ERROR:process_memory_win.cc(73)] ReadMemory at 0x21b5d83e9f0 of 132 bytes failed: Only part of a ReadProcessMemory or WriteProcessMemory request was completed. (0x12B)
[1109/013625.061:ERROR:process_memory_win.cc(73)] ReadMemory at 0x21b5d83eb20 of 132 bytes failed: Only part of a ReadProcessMemory or WriteProcessMemory request was completed. (0x12B)
[1109/013625.061:ERROR:process_memory_win.cc(73)] ReadMemory at 0x21b5d83ec50 of 132 bytes failed: Only part of a ReadProcessMemory or WriteProcessMemory request was completed. (0x12B)
[1109/013625.061:ERROR:process_memory_win.cc(73)] ReadMemory at 0x21b5d83ed80 of 132 bytes failed: Only part of a ReadProcessMemory or WriteProcessMemory request was completed. (0x12B)
[1109/013625.061:ERROR:process_memory_win.cc(73)] ReadMemory at 0x21b5d8523b0 of 512 bytes failed: Only part of a ReadProcessMemory or WriteProcessMemory request was completed. (0x12B)
[1109/013625.061:ERROR:process_memory_win.cc(73)] ReadMemory at 0x21b5dc80000 of 384 bytes failed: Only part of a ReadProcessMemory or WriteProcessMemory request was completed. (0x12B)
[1109/013625.061:ERROR:process_memory_win.cc(73)] ReadMemory at 0x21b5dcc8900 of 512 bytes failed: Only part of a ReadProcessMemory or WriteProcessMemory request was completed. (0x12B)
[1109/013625.061:ERROR:process_memory_win.cc(73)] ReadMemory at 0x7ffee177c3cc of 512 bytes failed: Only part of a ReadProcessMemory or WriteProcessMemory request was completed. (0x12B)
[1109/013625.061:ERROR:process_memory_win.cc(73)] ReadMemory at 0x7ffee179da50 of 512 bytes failed: Only part of a ReadProcessMemory or WriteProcessMemory request was completed. (0x12B)
[1109/013625.061:ERROR:process_memory_win.cc(73)] ReadMemory at 0x7ffee40c8e00 of 512 bytes failed: Only part of a ReadProcessMemory or WriteProcessMemory request was completed. (0x12B)
[1109/013625.062:ERROR:process_memory_win.cc(73)] ReadMemory at 0x7ffee4100c8a of 512 bytes failed: Only part of a ReadProcessMemory or WriteProcessMemory request was completed. (0x12B)
[1109/013625.062:ERROR:process_memory_win.cc(73)] ReadMemory at 0x7ffee4eb3250 of 512 bytes failed: Only part of a ReadProcessMemory or WriteProcessMemory request was completed. (0x12B)
[1109/013625.062:ERROR:process_memory_win.cc(73)] ReadMemory at 0x7ffee4fae650 of 512 bytes failed: Only part of a ReadProcessMemory or WriteProcessMemory request was completed. (0x12B)
[1109/013625.062:ERROR:process_memory_win.cc(73)] ReadMemory at 0x7fff56e3b6d0 of 512 bytes failed: Only part of a ReadProcessMemory or WriteProcessMemory request was completed. (0x12B)
[1109/013625.062:ERROR:process_memory_win.cc(73)] ReadMemory at 0x7fff58e9c0c4 of 672 bytes failed: Only part of a ReadProcessMemory or WriteProcessMemory request was completed. (0x12B)
[1109/013625.062:ERROR:process_memory_win.cc(73)] ReadMemory at 0x7fff58e9c6c4 of 512 bytes failed: Only part of a ReadProcessMemory or WriteProcessMemory request was completed. (0x12B)
[1109/013625.062:ERROR:process_memory_win.cc(73)] ReadMemory at 0x7fff58e9f9d4 of 512 bytes failed: Only part of a ReadProcessMemory or WriteProcessMemory request was completed. (0x12B)
[1109/013625.062:ERROR:process_memory_win.cc(73)] ReadMemory at 0x7fff58f2c428 of 18 bytes failed: Only part of a ReadProcessMemory or WriteProcessMemory request was completed. (0x12B)
[1109/013625.062:ERROR:process_memory_win.cc(73)] ReadMemory at 0x7fff58f5f4f8 of 40 bytes failed: Only part of a ReadProcessMemory or WriteProcessMemory request was completed. (0x12B)
[1109/013625.062:ERROR:process_memory_win.cc(73)] ReadMemory at 0x7fff58f5f978 of 48 bytes failed: Only part of a ReadProcessMemory or WriteProcessMemory request was completed. (0x12B)
[1109/013625.062:ERROR:process_memory_win.cc(73)] ReadMemory at 0x7fff58f653c0 of 64 bytes failed: Only part of a ReadProcessMemory or WriteProcessMemory request was completed. (0x12B)
[1109/013625.063:ERROR:scoped_process_suspend.cc(40)] NtResumeProcess: An attempt was made to access an exiting process. (0xc000010a)
[1109/013638.378:ERROR:process_info.cc(359)] UncheckedAllocate
[1109/014038.932:ERROR:settings.cc(320)] Settings magic is not 1129342067
